<?xml version="1.0" encoding="UTF-8"?>
<coverage generated="1743545704744" clover="3.2.0">
  <project timestamp="1743545704744" name="All files">
    <metrics statements="16" coveredstatements="15" conditionals="7" coveredconditionals="6" methods="1" coveredmethods="1" elements="24" coveredelements="22" complexity="0" loc="16" ncloc="16" packages="1" files="1" classes="1"/>
    <file name="flightPathHandler.js" path="/Users/Nate.Oelrich@alaskaair.com/source/CrossingPathsJavascript/src/flightPathHandler.js">
      <metrics statements="16" coveredstatements="15" conditionals="7" coveredconditionals="6" methods="1" coveredmethods="1"/>
      <line num="12" count="5" type="stmt"/>
      <line num="15" count="5" type="stmt"/>
      <line num="16" count="5" type="stmt"/>
      <line num="19" count="5" type="stmt"/>
      <line num="21" count="44" type="cond" truecount="4" falsecount="1"/>
      <line num="22" count="20" type="stmt"/>
      <line num="23" count="15" type="stmt"/>
      <line num="24" count="4" type="stmt"/>
      <line num="25" count="5" type="stmt"/>
      <line num="27" count="0" type="stmt"/>
      <line num="31" count="44" type="stmt"/>
      <line num="32" count="44" type="cond" truecount="2" falsecount="0"/>
      <line num="33" count="3" type="stmt"/>
      <line num="37" count="41" type="stmt"/>
      <line num="41" count="2" type="stmt"/>
      <line num="45" count="1" type="stmt"/>
    </file>
  </project>
</coverage>
