{"/Users/Nate.Oelrich@alaskaair.com/source/CrossingPathsJavascript/src/flightPathHandler.js": {"path":"/Users/Nate.Oelrich@alaskaair.com/source/CrossingPathsJavascript/src/flightPathHandler.js","statementMap":{"0":{"start":{"line":12,"column":16},"end":{"line":12,"column":17}},"1":{"start":{"line":12,"column":23},"end":{"line":12,"column":24}},"2":{"start":{"line":15,"column":33},"end":{"line":15,"column":42}},"3":{"start":{"line":16,"column":8},"end":{"line":16,"column":48}},"4":{"start":{"line":19,"column":8},"end":{"line":38,"column":9}},"5":{"start":{"line":21,"column":12},"end":{"line":28,"column":13}},"6":{"start":{"line":22,"column":26},"end":{"line":22,"column":30}},"7":{"start":{"line":22,"column":31},"end":{"line":22,"column":37}},"8":{"start":{"line":23,"column":26},"end":{"line":23,"column":30}},"9":{"start":{"line":23,"column":31},"end":{"line":23,"column":37}},"10":{"start":{"line":24,"column":26},"end":{"line":24,"column":30}},"11":{"start":{"line":24,"column":31},"end":{"line":24,"column":37}},"12":{"start":{"line":25,"column":26},"end":{"line":25,"column":30}},"13":{"start":{"line":25,"column":31},"end":{"line":25,"column":37}},"14":{"start":{"line":27,"column":20},"end":{"line":27,"column":71}},"15":{"start":{"line":31,"column":32},"end":{"line":31,"column":43}},"16":{"start":{"line":32,"column":12},"end":{"line":34,"column":13}},"17":{"start":{"line":33,"column":16},"end":{"line":33,"column":28}},"18":{"start":{"line":37,"column":12},"end":{"line":37,"column":52}},"19":{"start":{"line":41,"column":8},"end":{"line":41,"column":21}},"20":{"start":{"line":45,"column":0},"end":{"line":45,"column":35}}},"fnMap":{"0":{"name":"(anonymous_0)","decl":{"start":{"line":10,"column":4},"end":{"line":10,"column":5}},"loc":{"start":{"line":10,"column":37},"end":{"line":42,"column":5}},"line":10}},"branchMap":{"0":{"loc":{"start":{"line":21,"column":12},"end":{"line":28,"column":13}},"type":"switch","locations":[{"start":{"line":22,"column":16},"end":{"line":22,"column":37}},{"start":{"line":23,"column":16},"end":{"line":23,"column":37}},{"start":{"line":24,"column":16},"end":{"line":24,"column":37}},{"start":{"line":25,"column":16},"end":{"line":25,"column":37}},{"start":{"line":26,"column":16},"end":{"line":27,"column":71}}],"line":21},"1":{"loc":{"start":{"line":32,"column":12},"end":{"line":34,"column":13}},"type":"if","locations":[{"start":{"line":32,"column":12},"end":{"line":34,"column":13}},{"start":{},"end":{}}],"line":32}},"s":{"0":5,"1":5,"2":5,"3":5,"4":5,"5":44,"6":20,"7":20,"8":15,"9":15,"10":4,"11":4,"12":5,"13":5,"14":0,"15":44,"16":44,"17":3,"18":41,"19":2,"20":1},"f":{"0":5},"b":{"0":[20,15,4,5,0],"1":[3,41]},"_coverageSchema":"1a1c01bbd47fc00a2c39e90264f33305004495a9","hash":"449eba318112dc7d7f98c1a2879cff73bc1db328"}
}
